2018-01-02 15:45:17.061 [main] DEBUG com.o2o.dao.ShopDao.insertShop - ==>  Preparing: insert into tb_shop(owner_id,area_id,shop_category_id,shop_name,shop_desc,shop_addr, phone,shop_img,priority,create_time,last_edit_time,enable_status,advice) values (?,?,?,?, ?,?,?,?,?,?,?, ?,?) 
2018-01-02 15:45:17.154 [main] DEBUG com.o2o.dao.ShopDao.insertShop - ==> Parameters: 1(Long), 2(Integer), 1(Long), 测试的店铺1(String), test1(String), test1(String), test(String), null, null, 2018-01-02 15:45:17.031(Timestamp), 2018-01-02 15:45:17.031(Timestamp), 0(Integer), 审核中(String)
2018-01-02 15:45:17.207 [main] DEBUG com.o2o.dao.ShopDao.insertShop - <==    Updates: 1
2018-01-02 15:51:24.880 [main] DEBUG com.o2o.dao.ShopDao.insertShop - ==>  Preparing: insert into tb_shop(owner_id,area_id,shop_category_id,shop_name,shop_desc,shop_addr, phone,shop_img,priority,create_time,last_edit_time,enable_status,advice) values (?,?,?,?, ?,?,?,?,?,?,?, ?,?) 
2018-01-02 15:51:24.919 [main] DEBUG com.o2o.dao.ShopDao.insertShop - ==> Parameters: 1(Long), 2(Integer), 1(Long), 测试的店铺1(String), test1(String), test1(String), test(String), null, null, 2018-01-02 15:51:24.84(Timestamp), 2018-01-02 15:51:24.84(Timestamp), 0(Integer), 审核中(String)
2018-01-02 15:51:24.920 [main] DEBUG com.o2o.dao.ShopDao.insertShop - <==    Updates: 1
2018-01-02 16:02:11.695 [main] DEBUG com.o2o.dao.ShopDao.insertShop - ==>  Preparing: insert into tb_shop(owner_id,area_id,shop_category_id,shop_name,shop_desc,shop_addr, phone,shop_img,priority,create_time,last_edit_time,enable_status,advice) values (?,?,?,?, ?,?,?,?,?,?,?, ?,?) 
2018-01-02 16:02:11.753 [main] DEBUG com.o2o.dao.ShopDao.insertShop - ==> Parameters: 1(Long), 2(Integer), 1(Long), 测试的店铺1(String), test1(String), test1(String), test(String), null, null, 2018-01-02 16:02:11.658(Timestamp), 2018-01-02 16:02:11.658(Timestamp), 0(Integer), 审核中(String)
2018-01-02 16:02:11.755 [main] DEBUG com.o2o.dao.ShopDao.insertShop - <==    Updates: 1
2018-01-02 16:40:12.703 [main] DEBUG com.o2o.dao.ShopDao.insertShop - ==>  Preparing: insert into tb_shop(owner_id,area_id,shop_category_id,shop_name,shop_desc,shop_addr, phone,shop_img,priority,create_time,last_edit_time,enable_status,advice) values (?,?,?,?, ?,?,?,?,?,?,?, ?,?) 
2018-01-02 16:40:12.745 [main] DEBUG com.o2o.dao.ShopDao.insertShop - ==> Parameters: 1(Long), 2(Integer), 1(Long), 测试的店铺1(String), test1(String), test1(String), test(String), null, null, 2018-01-02 16:40:12.672(Timestamp), 2018-01-02 16:40:12.672(Timestamp), 0(Integer), 审核中(String)
2018-01-02 16:40:12.746 [main] DEBUG com.o2o.dao.ShopDao.insertShop - <==    Updates: 1
2018-01-02 16:41:28.683 [main] DEBUG com.o2o.dao.ShopDao.insertShop - ==>  Preparing: insert into tb_shop(owner_id,area_id,shop_category_id,shop_name,shop_desc,shop_addr, phone,shop_img,priority,create_time,last_edit_time,enable_status,advice) values (?,?,?,?, ?,?,?,?,?,?,?, ?,?) 
2018-01-02 16:41:28.730 [main] DEBUG com.o2o.dao.ShopDao.insertShop - ==> Parameters: 1(Long), 2(Integer), 1(Long), 测试的店铺1(String), test1(String), test1(String), test(String), null, null, 2018-01-02 16:41:28.648(Timestamp), 2018-01-02 16:41:28.648(Timestamp), 0(Integer), 审核中(String)
2018-01-02 16:41:28.730 [main] DEBUG com.o2o.dao.ShopDao.insertShop - <==    Updates: 1
2018-01-02 16:42:49.300 [main] DEBUG com.o2o.dao.ShopDao.insertShop - ==>  Preparing: insert into tb_shop(owner_id,area_id,shop_category_id,shop_name,shop_desc,shop_addr, phone,shop_img,priority,create_time,last_edit_time,enable_status,advice) values (?,?,?,?, ?,?,?,?,?,?,?, ?,?) 
2018-01-02 16:42:49.349 [main] DEBUG com.o2o.dao.ShopDao.insertShop - ==> Parameters: 1(Long), 2(Integer), 1(Long), 测试的店铺1(String), test1(String), test1(String), test(String), null, null, 2018-01-02 16:42:49.262(Timestamp), 2018-01-02 16:42:49.262(Timestamp), 0(Integer), 审核中(String)
2018-01-02 16:42:49.351 [main] DEBUG com.o2o.dao.ShopDao.insertShop - <==    Updates: 1
2018-01-02 16:44:13.468 [main] DEBUG com.o2o.dao.ShopDao.insertShop - ==>  Preparing: insert into tb_shop(owner_id,area_id,shop_category_id,shop_name,shop_desc,shop_addr, phone,shop_img,priority,create_time,last_edit_time,enable_status,advice) values (?,?,?,?, ?,?,?,?,?,?,?, ?,?) 
2018-01-02 16:44:13.515 [main] DEBUG com.o2o.dao.ShopDao.insertShop - ==> Parameters: 1(Long), 2(Integer), 1(Long), 测试的店铺1(String), test1(String), test1(String), test(String), null, null, 2018-01-02 16:44:13.429(Timestamp), 2018-01-02 16:44:13.429(Timestamp), 0(Integer), 审核中(String)
2018-01-02 16:44:13.516 [main] DEBUG com.o2o.dao.ShopDao.insertShop - <==    Updates: 1
2018-01-02 16:45:18.261 [main] DEBUG com.o2o.dao.ShopDao.insertShop - ==>  Preparing: insert into tb_shop(owner_id,area_id,shop_category_id,shop_name,shop_desc,shop_addr, phone,shop_img,priority,create_time,last_edit_time,enable_status,advice) values (?,?,?,?, ?,?,?,?,?,?,?, ?,?) 
2018-01-02 16:45:18.304 [main] DEBUG com.o2o.dao.ShopDao.insertShop - ==> Parameters: 1(Long), 2(Integer), 1(Long), 测试的店铺1(String), test1(String), test1(String), test(String), null, null, 2018-01-02 16:45:18.227(Timestamp), 2018-01-02 16:45:18.227(Timestamp), 0(Integer), 审核中(String)
2018-01-02 16:45:18.305 [main] DEBUG com.o2o.dao.ShopDao.insertShop - <==    Updates: 1
2018-01-02 16:46:43.388 [main] DEBUG com.o2o.dao.ShopDao.insertShop - ==>  Preparing: insert into tb_shop(owner_id,area_id,shop_category_id,shop_name,shop_desc,shop_addr, phone,shop_img,priority,create_time,last_edit_time,enable_status,advice) values (?,?,?,?, ?,?,?,?,?,?,?, ?,?) 
2018-01-02 16:46:43.436 [main] DEBUG com.o2o.dao.ShopDao.insertShop - ==> Parameters: 1(Long), 2(Integer), 1(Long), 测试的店铺1(String), test1(String), test1(String), test(String), null, null, 2018-01-02 16:46:43.354(Timestamp), 2018-01-02 16:46:43.354(Timestamp), 0(Integer), 审核中(String)
2018-01-02 16:46:43.437 [main] DEBUG com.o2o.dao.ShopDao.insertShop - <==    Updates: 1
2018-01-02 16:49:28.722 [main] DEBUG com.o2o.dao.ShopDao.insertShop - ==>  Preparing: insert into tb_shop(owner_id,area_id,shop_category_id,shop_name,shop_desc,shop_addr, phone,shop_img,priority,create_time,last_edit_time,enable_status,advice) values (?,?,?,?, ?,?,?,?,?,?,?, ?,?) 
2018-01-02 16:49:28.765 [main] DEBUG com.o2o.dao.ShopDao.insertShop - ==> Parameters: 1(Long), 2(Integer), 1(Long), 测试的店铺1(String), test1(String), test1(String), test(String), null, null, 2018-01-02 16:49:28.688(Timestamp), 2018-01-02 16:49:28.688(Timestamp), 0(Integer), 审核中(String)
2018-01-02 16:49:28.766 [main] DEBUG com.o2o.dao.ShopDao.insertShop - <==    Updates: 1
2018-01-02 16:49:28.782 [main] DEBUG com.o2o.util.ImgUtil - current relativeAddr is:\upload\item\shop\11\2018010216492817004.png
2018-01-02 16:49:28.782 [main] DEBUG com.o2o.util.ImgUtil - current complete addr is:D:\projectdev\image\upload\item\shop\11\2018010216492817004.png
2018-01-02 16:49:29.187 [main] DEBUG com.o2o.dao.ShopDao.updateShop - ==>  Preparing: update tb_shop SET shop_name=?, shop_desc=?, shop_addr=?, phone=?, shop_img=?, last_edit_time=?, enable_status=?, advice=?, area_id=?, shop_category_id=? where shop_id=? 
2018-01-02 16:51:19.831 [main] DEBUG com.o2o.dao.ShopDao.insertShop - ==>  Preparing: insert into tb_shop(owner_id,area_id,shop_category_id,shop_name,shop_desc,shop_addr, phone,shop_img,priority,create_time,last_edit_time,enable_status,advice) values (?,?,?,?, ?,?,?,?,?,?,?, ?,?) 
2018-01-02 16:51:19.880 [main] DEBUG com.o2o.dao.ShopDao.insertShop - ==> Parameters: 1(Long), 2(Integer), 1(Long), 测试的店铺1(String), test1(String), test1(String), test(String), null, null, 2018-01-02 16:51:19.799(Timestamp), 2018-01-02 16:51:19.799(Timestamp), 0(Integer), 审核中(String)
2018-01-02 16:51:19.882 [main] DEBUG com.o2o.dao.ShopDao.insertShop - <==    Updates: 1
2018-01-02 16:51:19.894 [main] DEBUG com.o2o.util.ImgUtil - current relativeAddr is:upload\item\shop\12\2018010216511925372.png
2018-01-02 16:51:19.894 [main] DEBUG com.o2o.util.ImgUtil - current complete addr is:D:\projectdev\image\upload\item\shop\12\2018010216511925372.png
2018-01-02 16:51:20.061 [main] DEBUG com.o2o.dao.ShopDao.updateShop - ==>  Preparing: update tb_shop SET shop_name=?, shop_desc=?, shop_addr=?, phone=?, shop_img=?, last_edit_time=?, enable_status=?, advice=?, area_id=?, shop_category_id=? where shop_id=? 
2018-01-02 17:03:20.096 [main] DEBUG com.o2o.dao.ShopDao.insertShop - ==>  Preparing: insert into tb_shop(owner_id,area_id,shop_category_id,shop_name,shop_desc,shop_addr, phone,shop_img,priority,create_time,last_edit_time,enable_status,advice) values (?,?,?,?, ?,?,?,?,?,?,?, ?,?) 
2018-01-02 17:03:20.151 [main] DEBUG com.o2o.dao.ShopDao.insertShop - ==> Parameters: 1(Long), 2(Integer), 1(Long), 测试的店铺1(String), test1(String), test1(String), test(String), null, null, 2018-01-02 17:03:20.056(Timestamp), 2018-01-02 17:03:20.056(Timestamp), 0(Integer), 审核中(String)
2018-01-02 17:03:20.152 [main] DEBUG com.o2o.dao.ShopDao.insertShop - <==    Updates: 1
2018-01-02 17:03:20.166 [main] DEBUG com.o2o.util.ImgUtil - current relativeAddr is:upload\item\shop\13\2018010217032073432.png
2018-01-02 17:03:20.166 [main] DEBUG com.o2o.util.ImgUtil - current complete addr is:D:\projectdev\image\upload\item\shop\13\2018010217032073432.png
2018-01-02 17:03:20.297 [main] DEBUG com.o2o.dao.ShopDao.updateShop - ==>  Preparing: update tb_shop SET shop_name=?, shop_desc=?, shop_addr=?, phone=?, shop_img=?, last_edit_time=?, enable_status=?, advice=?, area_id=?, shop_category_id=? where shop_id=? 
2018-01-02 17:04:21.084 [main] DEBUG com.o2o.dao.ShopDao.insertShop - ==>  Preparing: insert into tb_shop(owner_id,area_id,shop_category_id,shop_name,shop_desc,shop_addr, phone,shop_img,priority,create_time,last_edit_time,enable_status,advice) values (?,?,?,?, ?,?,?,?,?,?,?, ?,?) 
2018-01-02 17:04:21.133 [main] DEBUG com.o2o.dao.ShopDao.insertShop - ==> Parameters: 1(Long), 2(Integer), 1(Long), 测试的店铺1(String), test1(String), test1(String), test(String), null, null, 2018-01-02 17:04:21.034(Timestamp), 2018-01-02 17:04:21.034(Timestamp), 0(Integer), 审核中(String)
2018-01-02 17:04:21.134 [main] DEBUG com.o2o.dao.ShopDao.insertShop - <==    Updates: 1
2018-01-02 17:04:21.146 [main] DEBUG com.o2o.util.ImgUtil - current relativeAddr is:upload\item\shop\14\2018010217042154221.png
2018-01-02 17:04:21.146 [main] DEBUG com.o2o.util.ImgUtil - current complete addr is:D:\projectdev\image\upload\item\shop\14\2018010217042154221.png
2018-01-02 17:04:21.311 [main] DEBUG com.o2o.dao.ShopDao.updateShop - ==>  Preparing: update tb_shop SET shop_name=?, shop_desc=?, shop_addr=?, phone=?, shop_img=?, last_edit_time=?, enable_status=?, advice=?, area_id=?, shop_category_id=? where shop_id=? 
2018-01-02 17:07:16.877 [main] DEBUG com.o2o.dao.ShopDao.insertShop - ==>  Preparing: insert into tb_shop(owner_id,area_id,shop_category_id,shop_name,shop_desc,shop_addr, phone,shop_img,priority,create_time,last_edit_time,enable_status,advice) values (?,?,?,?, ?,?,?,?,?,?,?, ?,?) 
2018-01-02 17:07:16.929 [main] DEBUG com.o2o.dao.ShopDao.insertShop - ==> Parameters: 1(Long), 2(Integer), 1(Long), 测试的店铺1(String), test1(String), test1(String), test(String), null, null, 2018-01-02 17:07:16.844(Timestamp), 2018-01-02 17:07:16.844(Timestamp), 0(Integer), 审核中(String)
2018-01-02 17:07:16.930 [main] DEBUG com.o2o.dao.ShopDao.insertShop - <==    Updates: 1
2018-01-02 17:07:16.941 [main] DEBUG com.o2o.util.ImgUtil - current relativeAddr is:upload\item\shop\15\2018010217071656149.png
2018-01-02 17:07:16.941 [main] DEBUG com.o2o.util.ImgUtil - current complete addr is:D:\projectdev\image\upload\item\shop\15\2018010217071656149.png
2018-01-02 17:07:17.073 [main] DEBUG com.o2o.dao.ShopDao.updateShop - ==>  Preparing: update tb_shop SET shop_name=?, shop_desc=?, shop_addr=?, phone=?, shop_img=?, last_edit_time=?, enable_status=?, advice=?, area_id=?, shop_category_id=? where shop_id=? 
2018-01-02 17:23:47.751 [main] DEBUG com.o2o.dao.ShopDao.insertShop - ==>  Preparing: insert into tb_shop(owner_id,area_id,shop_category_id,shop_name,shop_desc,shop_addr, phone,shop_img,priority,create_time,last_edit_time,enable_status,advice) values (?,?,?,?, ?,?,?,?,?,?,?, ?,?) 
2018-01-02 17:23:47.796 [main] DEBUG com.o2o.dao.ShopDao.insertShop - ==> Parameters: 1(Long), 2(Integer), 1(Long), 测试的店铺1(String), test1(String), test1(String), test(String), null, null, 2018-01-02 17:23:47.703(Timestamp), 2018-01-02 17:23:47.703(Timestamp), 0(Integer), 审核中(String)
2018-01-02 17:23:47.798 [main] DEBUG com.o2o.dao.ShopDao.insertShop - <==    Updates: 1
2018-01-02 17:23:47.809 [main] DEBUG com.o2o.util.ImgUtil - current relativeAddr is:upload\item\shop\16\2018010217234798967.png
2018-01-02 17:23:47.810 [main] DEBUG com.o2o.util.ImgUtil - current complete addr is:D:\projectdev\image\upload\item\shop\16\2018010217234798967.png
2018-01-02 17:23:47.937 [main] DEBUG com.o2o.dao.ShopDao.updateShop - ==>  Preparing: update tb_shop SET shop_name=?, shop_desc=?, shop_addr=?, phone=?, shop_img=?, last_edit_time=?, enable_status=?, advice=?, area_id=?, shop_category_id=? where shop_id=? 
2018-01-02 17:24:31.017 [main] DEBUG com.o2o.dao.ShopDao.insertShop - ==>  Preparing: insert into tb_shop(owner_id,area_id,shop_category_id,shop_name,shop_desc,shop_addr, phone,shop_img,priority,create_time,last_edit_time,enable_status,advice) values (?,?,?,?, ?,?,?,?,?,?,?, ?,?) 
2018-01-02 17:24:31.060 [main] DEBUG com.o2o.dao.ShopDao.insertShop - ==> Parameters: 1(Long), 2(Integer), 1(Long), 测试的店铺1(String), test1(String), test1(String), test(String), null, null, 2018-01-02 17:24:30.973(Timestamp), 2018-01-02 17:24:30.973(Timestamp), 0(Integer), 审核中(String)
2018-01-02 17:24:31.061 [main] DEBUG com.o2o.dao.ShopDao.insertShop - <==    Updates: 1
2018-01-02 17:24:31.071 [main] DEBUG com.o2o.util.ImgUtil - current relativeAddr is:upload\item\shop\17\2018010217243197107.png
2018-01-02 17:24:31.072 [main] DEBUG com.o2o.util.ImgUtil - current complete addr is:D:\projectdev\image\upload\item\shop\17\2018010217243197107.png
2018-01-02 17:24:31.197 [main] DEBUG com.o2o.dao.ShopDao.updateShop - ==>  Preparing: update tb_shop SET shop_name=?, shop_desc=?, shop_addr=?, phone=?, shop_img=?, last_edit_time=?, enable_status=?, advice=?, area_id=?, shop_category_id=? where shop_id=? 
2018-01-02 17:25:06.119 [main] DEBUG com.o2o.dao.ShopDao.insertShop - ==>  Preparing: insert into tb_shop(owner_id,area_id,shop_category_id,shop_name,shop_desc,shop_addr, phone,shop_img,priority,create_time,last_edit_time,enable_status,advice) values (?,?,?,?, ?,?,?,?,?,?,?, ?,?) 
2018-01-02 17:25:06.160 [main] DEBUG com.o2o.dao.ShopDao.insertShop - ==> Parameters: 1(Long), 2(Integer), 1(Long), 测试的店铺1(String), test1(String), test1(String), test(String), null, null, 2018-01-02 17:25:06.081(Timestamp), 2018-01-02 17:25:06.081(Timestamp), 0(Integer), 审核中(String)
2018-01-02 17:25:06.162 [main] DEBUG com.o2o.dao.ShopDao.insertShop - <==    Updates: 1
2018-01-02 17:25:06.192 [main] DEBUG com.o2o.util.ImgUtil - current relativeAddr is:upload\item\shop\18\2018010217250662477.png
2018-01-02 17:25:06.192 [main] DEBUG com.o2o.util.ImgUtil - current complete addr is:D:\projectdev\image\upload\item\shop\18\2018010217250662477.png
2018-01-02 17:25:06.347 [main] DEBUG com.o2o.dao.ShopDao.updateShop - ==>  Preparing: update tb_shop SET shop_name=?, shop_desc=?, shop_addr=?, phone=?, shop_img=?, last_edit_time=?, enable_status=?, advice=?, area_id=?, shop_category_id=? where shop_id=? 
2018-01-02 17:31:26.236 [main] DEBUG com.o2o.dao.ShopDao.insertShop - ==>  Preparing: insert into tb_shop(owner_id,area_id,shop_category_id,shop_name,shop_desc,shop_addr, phone,shop_img,priority,create_time,last_edit_time,enable_status,advice) values (?,?,?,?, ?,?,?,?,?,?,?, ?,?) 
2018-01-02 17:31:26.314 [main] DEBUG com.o2o.dao.ShopDao.insertShop - ==> Parameters: 1(Long), 2(Integer), 1(Long), 测试的店铺1(String), test1(String), test1(String), test(String), null, null, 2018-01-02 17:31:26.19(Timestamp), 2018-01-02 17:31:26.19(Timestamp), 0(Integer), 审核中(String)
2018-01-02 17:31:26.316 [main] DEBUG com.o2o.dao.ShopDao.insertShop - <==    Updates: 1
2018-01-02 17:31:26.331 [main] DEBUG com.o2o.util.ImgUtil - current relativeAddr is:upload\item\shop\19\2018010217312679467.png
2018-01-02 17:31:26.332 [main] DEBUG com.o2o.util.ImgUtil - current complete addr is:D:\projectdev\image\upload\item\shop\19\2018010217312679467.png
2018-01-02 17:31:26.646 [main] DEBUG com.o2o.dao.ShopDao.updateShop - ==>  Preparing: update tb_shop SET shop_name=?, shop_desc=?, shop_addr=?, phone=?, shop_img=?, last_edit_time=?, enable_status=?, advice=?, area_id=?, shop_category_id=? where shop_id=? 
2018-01-02 18:07:19.593 [main] DEBUG com.o2o.dao.ShopDao.insertShop - ==>  Preparing: insert into tb_shop(owner_id,area_id,shop_category_id,shop_name,shop_desc,shop_addr, phone,shop_img,priority,create_time,last_edit_time,enable_status,advice) values (?,?,?,?, ?,?,?,?,?,?,?, ?,?) 
2018-01-02 18:07:19.646 [main] DEBUG com.o2o.dao.ShopDao.insertShop - ==> Parameters: 1(Long), 2(Integer), 1(Long), 测试的店铺1(String), test1(String), test1(String), test(String), null, null, 2018-01-02 18:07:19.563(Timestamp), 2018-01-02 18:07:19.563(Timestamp), 0(Integer), 审核中(String)
2018-01-02 18:07:19.648 [main] DEBUG com.o2o.dao.ShopDao.insertShop - <==    Updates: 1
2018-01-02 18:07:19.661 [main] DEBUG com.o2o.util.ImgUtil - current relativeAddr is:upload\item\shop\20\2018010218071944636.png
2018-01-02 18:07:19.661 [main] DEBUG com.o2o.util.ImgUtil - current complete addr is:D:\projectdev\image\upload\item\shop\20\2018010218071944636.png
2018-01-02 18:07:19.939 [main] DEBUG com.o2o.dao.ShopDao.updateShop - ==>  Preparing: update tb_shop SET shop_name=?, shop_desc=?, shop_addr=?, phone=?, shop_img=?, last_edit_time=?, enable_status=?, advice=?, area_id=?, shop_category_id=? where shop_id=? 
2018-01-02 23:33:47.808 [main] DEBUG com.o2o.dao.ShopDao.insertShop - ==>  Preparing: insert into tb_shop(owner_id,area_id,shop_category_id,shop_name,shop_desc,shop_addr, phone,shop_img,priority,create_time,last_edit_time,enable_status,advice) values (?,?,?,?, ?,?,?,?,?,?,?, ?,?) 
2018-01-02 23:33:47.866 [main] DEBUG com.o2o.dao.ShopDao.insertShop - ==> Parameters: 1(Long), 2(Integer), 1(Long), 测试的店铺1(String), test1(String), test1(String), test(String), null, null, 2018-01-02 23:33:47.742(Timestamp), 2018-01-02 23:33:47.742(Timestamp), 0(Integer), 审核中(String)
2018-01-02 23:33:47.868 [main] DEBUG com.o2o.dao.ShopDao.insertShop - <==    Updates: 1
2018-01-02 23:33:47.881 [main] DEBUG com.o2o.util.ImgUtil - current relativeAddr is:upload\item\shop\21\2018010223334731914.png
2018-01-02 23:33:47.881 [main] DEBUG com.o2o.util.ImgUtil - current complete addr is:D:\projectdev\image\upload\item\shop\21\2018010223334731914.png
2018-01-02 23:33:48.253 [main] DEBUG com.o2o.dao.ShopDao.updateShop - ==>  Preparing: update tb_shop SET shop_name=?, shop_desc=?, shop_addr=?, phone=?, shop_img=?, last_edit_time=?, enable_status=?, advice=?, area_id=?, shop_category_id=? where shop_id=? 
2018-01-02 23:39:35.900 [main] DEBUG com.o2o.dao.ShopDao.insertShop - ==>  Preparing: insert into tb_shop(owner_id,area_id,shop_category_id,shop_name,shop_desc,shop_addr, phone,shop_img,priority,create_time,last_edit_time,enable_status,advice) values (?,?,?,?, ?,?,?,?,?,?,?, ?,?) 
2018-01-02 23:39:35.945 [main] DEBUG com.o2o.dao.ShopDao.insertShop - ==> Parameters: 1(Long), 2(Integer), 1(Long), 测试的店铺1(String), test1(String), test1(String), test(String), null, null, 2018-01-02 23:39:35.861(Timestamp), 2018-01-02 23:39:35.861(Timestamp), 0(Integer), 审核中(String)
2018-01-02 23:39:35.947 [main] DEBUG com.o2o.dao.ShopDao.insertShop - <==    Updates: 1
2018-01-02 23:39:35.962 [main] DEBUG com.o2o.util.ImgUtil - current relativeAddr is:upload\item\shop\22\2018010223393555201.png
2018-01-02 23:39:35.962 [main] DEBUG com.o2o.util.ImgUtil - current complete addr is:D:\projectdev\image\upload\item\shop\22\2018010223393555201.png
2018-01-02 23:39:36.220 [main] DEBUG com.o2o.dao.ShopDao.updateShop - ==>  Preparing: update tb_shop SET shop_name=?, shop_desc=?, shop_addr=?, phone=?, shop_img=?, last_edit_time=?, enable_status=?, advice=?, area_id=?, shop_category_id=? where shop_id=? 
2018-01-02 23:39:36.221 [main] DEBUG com.o2o.dao.ShopDao.updateShop - ==> Parameters: 测试的店铺1(String), test1(String), test1(String), test(String), upload\item\shop\22\2018010223393555201.png(String), 2018-01-02 23:39:35.861(Timestamp), 0(Integer), 审核中(String), 2(Integer), 1(Long), 22(Long)
2018-01-02 23:39:36.222 [main] DEBUG com.o2o.dao.ShopDao.updateShop - <==    Updates: 1
2018-01-02 23:49:19.981 [main] DEBUG com.o2o.dao.ShopDao.insertShop - ==>  Preparing: insert into tb_shop(owner_id,area_id,shop_category_id,shop_name,shop_desc,shop_addr, phone,shop_img,priority,create_time,last_edit_time,enable_status,advice) values (?,?,?,?, ?,?,?,?,?,?,?, ?,?) 
2018-01-02 23:49:20.029 [main] DEBUG com.o2o.dao.ShopDao.insertShop - ==> Parameters: 1(Long), 2(Integer), 1(Long), 测试的店铺1(String), test1(String), test1(String), test(String), null, null, 2018-01-02 23:49:19.952(Timestamp), 2018-01-02 23:49:19.952(Timestamp), 0(Integer), 审核中(String)
2018-01-02 23:49:20.032 [main] DEBUG com.o2o.dao.ShopDao.insertShop - <==    Updates: 1
2018-01-02 23:49:20.046 [main] DEBUG com.o2o.util.ImgUtil - current relativeAddr is:upload\item\shop\23\2018010223492076129.png
2018-01-02 23:49:20.047 [main] DEBUG com.o2o.util.ImgUtil - current complete addr is:D:\projectdev\image\upload\item\shop\23\2018010223492076129.png
2018-01-02 23:49:20.307 [main] DEBUG com.o2o.dao.ShopDao.updateShop - ==>  Preparing: update tb_shop SET shop_name=?, shop_desc=?, shop_addr=?, phone=?, shop_img=?, last_edit_time=?, enable_status=?, advice=?, area_id=?, shop_category_id=? where shop_id=? 
2018-01-02 23:49:20.308 [main] DEBUG com.o2o.dao.ShopDao.updateShop - ==> Parameters: 测试的店铺1(String), test1(String), test1(String), test(String), upload\item\shop\23\2018010223492076129.png(String), 2018-01-02 23:49:19.952(Timestamp), 0(Integer), 审核中(String), 2(Integer), 1(Long), 23(Long)
2018-01-02 23:49:20.309 [main] DEBUG com.o2o.dao.ShopDao.updateShop - <==    Updates: 1
2018-01-02 23:59:31.044 [main] DEBUG com.o2o.dao.ShopDao.insertShop - ==>  Preparing: insert into tb_shop(owner_id,area_id,shop_category_id,shop_name,shop_desc,shop_addr, phone,shop_img,priority,create_time,last_edit_time,enable_status,advice) values (?,?,?,?, ?,?,?,?,?,?,?, ?,?) 
2018-01-02 23:59:31.087 [main] DEBUG com.o2o.dao.ShopDao.insertShop - ==> Parameters: 1(Long), 2(Integer), 1(Long), 测试的店铺1(String), test1(String), test1(String), test(String), null, null, 2018-01-02 23:59:31.002(Timestamp), 2018-01-02 23:59:31.002(Timestamp), 0(Integer), 审核中(String)
2018-01-02 23:59:31.088 [main] DEBUG com.o2o.dao.ShopDao.insertShop - <==    Updates: 1
2018-01-02 23:59:31.099 [main] DEBUG com.o2o.util.ImgUtil - current relativeAddr is:upload\item\shop\24\2018010223593130554.png
2018-01-02 23:59:31.099 [main] DEBUG com.o2o.util.ImgUtil - current complete addr is:D:\projectdev\image\upload\item\shop\24\2018010223593130554.png
2018-01-02 23:59:31.355 [main] DEBUG com.o2o.dao.ShopDao.updateShop - ==>  Preparing: update tb_shop SET shop_name=?, shop_desc=?, shop_addr=?, phone=?, shop_img=?, last_edit_time=?, enable_status=?, advice=?, area_id=?, shop_category_id=? where shop_id=? 
2018-01-02 23:59:31.357 [main] DEBUG com.o2o.dao.ShopDao.updateShop - ==> Parameters: 测试的店铺1(String), test1(String), test1(String), test(String), upload\item\shop\24\2018010223593130554.png(String), 2018-01-02 23:59:31.002(Timestamp), 0(Integer), 审核中(String), 2(Integer), 1(Long), 24(Long)
2018-01-02 23:59:31.357 [main] DEBUG com.o2o.dao.ShopDao.updateShop - <==    Updates: 1
